<?xml version="1.0" encoding="UTF-8"?>
<!-- Generated by org.testng.reporters.JUnitReportReporter -->
<testsuite skipped="0" hostname="Win-10-Pro" name="test.MonthDropTest" tests="1" failures="0" timestamp="06 Sep 2020 19:32:57 GMT" time="5.783" errors="0">
  <testcase name="MonthDropDownList" time="5.783" classname="test.MonthDropTest"/>
</testsuite> <!-- test.MonthDropTest -->
