<?xml version="1.0" encoding="UTF-8"?>
<!-- Generated by org.testng.reporters.JUnitReportReporter -->
<testsuite skipped="0" hostname="Win-10-Pro" name="test.MonthsDropTest" tests="1" failures="0" timestamp="06 Sep 2020 23:24:47 GMT" time="5.719" errors="0">
  <testcase name="MonthDropDownList" time="5.719" classname="test.MonthsDropTest"/>
</testsuite> <!-- test.MonthsDropTest -->
