<?xml version="1.0" encoding="UTF-8"?>
<!-- Generated by org.testng.reporters.JUnitReportReporter -->
<testsuite skipped="0" hostname="Win-10-Pro" name="test.NSS_ToDoTest" tests="2" failures="0" timestamp="06 Sep 2020 19:32:57 GMT" time="6.367" errors="0">
  <testcase name="UserShouldBeAbleToGoToSite" time="6.358" classname="test.NSS_ToDoTest"/>
  <testcase name="UserShouldNotBeAbletoAddDuplicateCategory" time="0.009" classname="test.NSS_ToDoTest"/>
</testsuite> <!-- test.NSS_ToDoTest -->
