<?xml version="1.0" encoding="UTF-8"?>
<!-- Generated by org.testng.reporters.JUnitReportReporter -->
<testsuite skipped="0" hostname="Win-10-Pro" name="test.AddCategoryTest" tests="2" failures="0" timestamp="13 Sep 2020 18:01:46 GMT" time="7.634" errors="0">
  <testcase name="UserIsAbleToGoToSite" time="7.613" classname="test.AddCategoryTest"/>
  <testcase name="UserIsNotAbleToAddDuplicateCategory" time="0.021" classname="test.AddCategoryTest"/>
</testsuite> <!-- test.AddCategoryTest -->
