<?xml version="1.0" encoding="UTF-8"?>
<!-- Generated by org.testng.reporters.JUnitReportReporter -->
<testsuite skipped="0" hostname="Win-10-Pro" name="test.MonthsDropDownTest" tests="1" failures="0" timestamp="13 Sep 2020 18:01:46 GMT" time="7.812" errors="0">
  <testcase name="MonthDropDownList" time="7.812" classname="test.MonthsDropDownTest"/>
</testsuite> <!-- test.MonthsDropDownTest -->
